<?xml version="1.0" encoding="UTF-8"?>
<testsuite name="com.hexagonkt.store.MapperTest" tests="1" skipped="0" failures="0" errors="0" timestamp="2021-09-25T09:51:42" hostname="jamhost" time="0.002">
  <properties/>
  <testcase name="Default mapper methods return its own parameters()" classname="com.hexagonkt.store.MapperTest" time="0.002"/>
  <system-out><![CDATA[]]></system-out>
  <system-err><![CDATA[]]></system-err>
</testsuite>
