<?xml version="1.0" encoding="UTF-8"?>
<testsuite name="com.hexagonkt.store.mongodb.CompanyTest" tests="6" skipped="0" failures="0" errors="0" timestamp="2021-09-25T09:52:26" hostname="jamhost" time="7.302">
  <properties/>
  <testcase name="New records are stored()" classname="com.hexagonkt.store.mongodb.CompanyTest" time="7.041"/>
  <testcase name="Resources are loaded from the URL()" classname="com.hexagonkt.store.mongodb.CompanyTest" time="0.083"/>
  <testcase name="Many records are stored()" classname="com.hexagonkt.store.mongodb.CompanyTest" time="0.073"/>
  <testcase name="Insert one record returns the proper key()" classname="com.hexagonkt.store.mongodb.CompanyTest" time="0.031"/>
  <testcase name="Resources are loaded from the file()" classname="com.hexagonkt.store.mongodb.CompanyTest" time="0.035"/>
  <testcase name="Entities are stored()" classname="com.hexagonkt.store.mongodb.CompanyTest" time="0.035"/>
  <system-out><![CDATA[?[90m11:52:26,531 ?[34mINFO ?[0m ?[35m[Test worker    ] ?[36mcom.hexagonkt.serialization.SerializationManager?[0m | Default serialization format set to 'application/json'
?[90m11:52:26,533 ?[34mINFO ?[0m ?[35m[Test worker    ] ?[36mcom.hexagonkt.serialization.SerializationManager?[0m | Serialization formats loaded:
* application/json (json)
]]></system-out>
  <system-err><![CDATA[SLF4J: Failed to load class "org.slf4j.impl.StaticLoggerBinder".
SLF4J: Defaulting to no-operation (NOP) logger implementation
SLF4J: See http://www.slf4j.org/codes.html#StaticLoggerBinder for further details.
]]></system-err>
</testsuite>
