<?xml version="1.0" encoding="UTF-8"?>
<testsuite name="com.hexagonkt.messaging.rabbitmq.RabbitMqAdapterTest" tests="1" skipped="0" failures="0" errors="0" timestamp="2021-09-25T09:51:16" hostname="jamhost" time="0.694">
  <properties/>
  <testcase name="Event manager()" classname="com.hexagonkt.messaging.rabbitmq.RabbitMqAdapterTest" time="0.694"/>
  <system-out><![CDATA[?[90m11:51:16,582 ?[33mWARN ?[0m ?[35m[Test worker    ] ?[36mcom.hexagonkt.messaging.rabbitmq.ConnectionListener?[0m | Channel shutdown is initiated by application. Ignoring it
?[90m11:51:16,594 ?[33mWARN ?[0m ?[35m[Test worker    ] ?[36mcom.hexagonkt.messaging.rabbitmq.ConnectionListener?[0m | Channel shutdown is initiated by application. Ignoring it
?[90m11:51:16,597 ?[34mINFO ?[0m ?[35m[Test worker    ] ?[36mcom.hexagonkt.messaging.rabbitmq.RabbitMqClient?[0m | Consuming messages in com.hexagonkt.messaging.rabbitmq.RabbitTest$Sample
?[90m11:51:16,598 ?[34mINFO ?[0m ?[35m[Test worker    ] ?[36mcom.hexagonkt.serialization.SerializationManager?[0m | Serialization formats loaded:
* application/json (json)
?[90m11:51:17,253 ?[33mWARN ?[0m ?[35m[Test worker    ] ?[36mcom.hexagonkt.messaging.rabbitmq.ConnectionListener?[0m | Channel shutdown is initiated by application. Ignoring it
]]></system-out>
  <system-err><![CDATA[]]></system-err>
</testsuite>
